*ERROR* 	v8.1.3	2024/01/10 - 12:47:06: SQLSTATE[42000]: Syntax error or access violation: 1064 You have an error in your SQL syntax; check the manual that corresponds to your MariaDB server version for the right syntax to use near &#039;GROUP BY product_shop.id_product ORDER BY p.`price` desc
            LIMIT 0,19&#039; at line 66 at line 151 in file classes/db/DbPDO.php
*ERROR* 	v8.1.3	2024/01/10 - 12:47:18: SQLSTATE[42000]: Syntax error or access violation: 1064 You have an error in your SQL syntax; check the manual that corresponds to your MariaDB server version for the right syntax to use near &#039;GROUP BY product_shop.id_product ORDER BY p.`price` desc
            LIMIT 0,19&#039; at line 66 at line 151 in file classes/db/DbPDO.php
*ERROR* 	v8.1.3	2024/01/10 - 12:48:02: SQLSTATE[42000]: Syntax error or access violation: 1064 You have an error in your SQL syntax; check the manual that corresponds to your MariaDB server version for the right syntax to use near &#039;GROUP BY product_shop.id_product ORDER BY p.`price` desc
            LIMIT 0,19&#039; at line 66 at line 151 in file classes/db/DbPDO.php
*ERROR* 	v8.1.3	2024/01/10 - 12:48:17: SQLSTATE[42000]: Syntax error or access violation: 1064 You have an error in your SQL syntax; check the manual that corresponds to your MariaDB server version for the right syntax to use near &#039;GROUP BY product_shop.id_product ORDER BY p.`price` desc
            LIMIT 0,19&#039; at line 66 at line 151 in file classes/db/DbPDO.php
*ERROR* 	v8.1.3	2024/01/10 - 12:51:29: SQLSTATE[42S22]: Column not found: 1054 Unknown column &#039;p.universal&#039; in &#039;where clause&#039; at line 151 in file classes/db/DbPDO.php
*ERROR* 	v8.1.3	2024/01/10 - 12:52:01: SQLSTATE[42000]: Syntax error or access violation: 1064 You have an error in your SQL syntax; check the manual that corresponds to your MariaDB server version for the right syntax to use near &#039;AND product_shop.`active` = 1 LIMIT 1&#039; at line 35 at line 151 in file classes/db/DbPDO.php
*ERROR* 	v8.1.3	2024/01/10 - 12:53:24: SQLSTATE[42000]: Syntax error or access violation: 1064 You have an error in your SQL syntax; check the manual that corresponds to your MariaDB server version for the right syntax to use near &#039;AND product_shop.`active` = 1 LIMIT 1&#039; at line 35 at line 151 in file classes/db/DbPDO.php
*ERROR* 	v8.1.3	2024/01/10 - 12:54:28: SQLSTATE[42000]: Syntax error or access violation: 1064 You have an error in your SQL syntax; check the manual that corresponds to your MariaDB server version for the right syntax to use near &#039;AND product_shop.`active` = 1 LIMIT 1&#039; at line 35 at line 151 in file classes/db/DbPDO.php
*ERROR* 	v8.1.3	2024/01/10 - 12:55:08: SQLSTATE[42000]: Syntax error or access violation: 1064 You have an error in your SQL syntax; check the manual that corresponds to your MariaDB server version for the right syntax to use near &#039;GROUP BY product_shop.id_product ORDER BY p.`price` desc
            LIMIT 0,0&#039; at line 66 at line 151 in file classes/db/DbPDO.php
*ERROR* 	v8.1.3	2024/01/10 - 12:57:18: No template found for listing.tpl at line 68 in file classes/Smarty/TemplateFinder.php
*ERROR* 	v8.1.3	2024/01/10 - 13:04:16: No template found for listing.tpl at line 68 in file classes/Smarty/TemplateFinder.php
*ERROR* 	v8.1.3	2024/01/10 - 14:17:12: No template found for /moduls/ukoocompact/views/templates/front/listing.tpl at line 68 in file classes/Smarty/TemplateFinder.php
*ERROR* 	v8.1.3	2024/01/10 - 14:18:26: No template found for /modules/ukoocompact/views/templates/front/listing.tpl at line 68 in file classes/Smarty/TemplateFinder.php
*ERROR* 	v8.1.3	2024/01/10 - 14:19:52: No template found for listing.tpl at line 68 in file classes/Smarty/TemplateFinder.php
*ERROR* 	v8.1.3	2024/01/10 - 14:20:01: No template found for listing.tpl at line 68 in file classes/Smarty/TemplateFinder.php
*ERROR* 	v8.1.3	2024/01/10 - 14:22:40: No template found for listing.tpl at line 68 in file classes/Smarty/TemplateFinder.php
*ERROR* 	v8.1.3	2024/01/10 - 14:22:47: No template found for listing.tpl at line 68 in file classes/Smarty/TemplateFinder.php
*ERROR* 	v8.1.3	2024/01/10 - 14:22:56: No template found for listing.tpl at line 68 in file classes/Smarty/TemplateFinder.php
*ERROR* 	v8.1.3	2024/01/10 - 14:32:52: No template found for http://euromus.local/en/module/ukoocompact/listing.tpl at line 68 in file classes/Smarty/TemplateFinder.php
*ERROR* 	v8.1.3	2024/01/10 - 14:33:59: No template found for http://euromus.local/en/module/ukoocompact/views/templates/front/listing.tpl at line 68 in file classes/Smarty/TemplateFinder.php
*ERROR* 	v8.1.3	2024/01/10 - 14:35:39: No template found for http://euromus.local/en/module/ukoocompact/views/templates/front/listing.tpl at line 68 in file classes/Smarty/TemplateFinder.php
*ERROR* 	v8.1.3	2024/01/10 - 14:36:11: No template found for http://euromus.local/en/module/ukoocompact/views/templates/front/listing.tpl at line 68 in file classes/Smarty/TemplateFinder.php
*ERROR* 	v8.1.3	2024/01/10 - 14:36:33: No template found for http://euromus.local/en/module/ukoocompact/views/templates/front/listing.tpl at line 68 in file classes/Smarty/TemplateFinder.php
*ERROR* 	v8.1.3	2024/01/10 - 14:37:01: No template found for listing.tpl at line 68 in file classes/Smarty/TemplateFinder.php
*ERROR* 	v8.1.3	2024/01/10 - 14:37:46: No template found for http://euromus.local/en/module/ukoocompact/templates/listing.tpl at line 68 in file classes/Smarty/TemplateFinder.php
*ERROR* 	v8.1.3	2024/01/10 - 14:42:03: No template found for C:\xampp\htdocs\euromus/modules/ukoocompact/views/templates/front/listing.tpl at line 68 in file classes/Smarty/TemplateFinder.php
*ERROR* 	v8.1.3	2024/01/10 - 14:42:27: No template found for C:\xampp\htdocs\euromus/modules/ukoocompact/views/templates/front/listing.tpl at line 68 in file classes/Smarty/TemplateFinder.php
*ERROR* 	v8.1.3	2024/01/10 - 14:43:19: No template found for C:\xampp\htdocs\euromus/modules/ukoocompact/views/templates/front/listing.tpl at line 68 in file classes/Smarty/TemplateFinder.php
*ERROR* 	v8.1.3	2024/01/10 - 14:43:56: No template found for C:\xampp\htdocs\euromus/modules/ukoocompact/views/templates/front/listing.tpl at line 68 in file classes/Smarty/TemplateFinder.php
*ERROR* 	v8.1.3	2024/01/10 - 14:46:02: No template found for listing.tpl at line 68 in file classes/Smarty/TemplateFinder.php
*ERROR* 	v8.1.3	2024/01/10 - 14:46:20: No template found for listing.tpl at line 68 in file classes/Smarty/TemplateFinder.php
*ERROR* 	v8.1.3	2024/01/10 - 14:47:54: No template found for listing.tpl at line 68 in file classes/Smarty/TemplateFinder.php
*ERROR* 	v8.1.3	2024/01/10 - 14:48:02: No template found for listing.tpl at line 68 in file classes/Smarty/TemplateFinder.php
*ERROR* 	v8.1.3	2024/01/10 - 14:48:16: No template found for listing.tpl at line 68 in file classes/Smarty/TemplateFinder.php
*ERROR* 	v8.1.3	2024/01/10 - 14:51:21: No template found for listing.tpl at line 68 in file classes/Smarty/TemplateFinder.php
*ERROR* 	v8.1.3	2024/01/10 - 14:51:38: No template found for listing.tpl at line 68 in file classes/Smarty/TemplateFinder.php
*ERROR* 	v8.1.3	2024/01/10 - 14:51:46: No template found for listing.tpl at line 68 in file classes/Smarty/TemplateFinder.php
*ERROR* 	v8.1.3	2024/01/10 - 14:52:42: No template found for listing.tpl at line 68 in file classes/Smarty/TemplateFinder.php
*ERROR* 	v8.1.3	2024/01/10 - 14:56:41: No template found for listing.tpl at line 68 in file classes/Smarty/TemplateFinder.php
*ERROR* 	v8.1.3	2024/01/10 - 14:56:59: No template found for listing.tpl at line 68 in file classes/Smarty/TemplateFinder.php
*ERROR* 	v8.1.3	2024/01/10 - 14:57:16: No template found for listing.tpl at line 68 in file classes/Smarty/TemplateFinder.php
*ERROR* 	v8.1.3	2024/01/10 - 14:57:19: No template found for listing.tpl at line 68 in file classes/Smarty/TemplateFinder.php
*ERROR* 	v8.1.3	2024/01/10 - 14:57:26: No template found for listing.tpl at line 68 in file classes/Smarty/TemplateFinder.php
*ERROR* 	v8.1.3	2024/01/10 - 15:33:09: No template found for listing.tpl at line 68 in file classes/Smarty/TemplateFinder.php
*ERROR* 	v8.1.3	2024/01/10 - 15:36:05: No template found for C:\xampp\htdocs\euromus/modules/ukoocompact/views/templates/front/listing.tpl at line 68 in file classes/Smarty/TemplateFinder.php
*ERROR* 	v8.1.3	2024/01/10 - 15:38:54: No template found for modules\ukoocompat\views\templates\front\listing.tpl at line 68 in file classes/Smarty/TemplateFinder.php
*ERROR* 	v8.1.3	2024/01/10 - 15:44:46: No template found for C:/xampp/htdocs/euromusmodules/ukoocompat/views/templates/front/listing.tpl at line 68 in file classes/Smarty/TemplateFinder.php
*ERROR* 	v8.1.3	2024/01/10 - 15:44:55: No template found for C:/xampp/htdocs/euromusmodules/ukoocompat/views/templates/front/listing.tpl at line 68 in file classes/Smarty/TemplateFinder.php
*ERROR* 	v8.1.3	2024/01/10 - 15:46:23: No template found for C:\xampp\htdocs\euromus\modules\ukoocompat\views\templates\front\listing.tpl at line 68 in file classes/Smarty/TemplateFinder.php
*ERROR* 	v8.1.3	2024/01/10 - 15:46:37: No template found for C:/xampp/htdocs/euromusmodules/ukoocompat/views/templates/front/listing.tpl at line 68 in file classes/Smarty/TemplateFinder.php
*ERROR* 	v8.1.3	2024/01/10 - 16:48:14: No template found for C:/xampp/htdocs/euromusmodules/ukoocompat/views/templates/front/listing.tpl at line 68 in file classes/Smarty/TemplateFinder.php
*ERROR* 	v8.1.3	2024/01/10 - 16:48:44: No template found for C:/xampp/htdocs/euromusmodules/ukoocompat/views/templates/front/listing.tpl at line 68 in file classes/Smarty/TemplateFinder.php
*ERROR* 	v8.1.3	2024/01/10 - 16:51:42: No template found for C:/xampp/htdocs/euromusmodules/ukoocompat/views/templates/front/listing.tpl at line 68 in file classes/Smarty/TemplateFinder.php
*ERROR* 	v8.1.3	2024/01/10 - 16:52:08: No template found for C:/xampp/htdocs/euromusmodules/ukoocompat/views/templates/front/listing.tpl at line 68 in file classes/Smarty/TemplateFinder.php
*ERROR* 	v8.1.3	2024/01/10 - 16:52:47: No template found for listing.tpl at line 68 in file classes/Smarty/TemplateFinder.php
*ERROR* 	v8.1.3	2024/01/10 - 16:52:58: No template found for listing.tpl at line 68 in file classes/Smarty/TemplateFinder.php
*ERROR* 	v8.1.3	2024/01/10 - 16:55:10: No template found for ukoocompat/views/templates/front/listing.tpl at line 68 in file classes/Smarty/TemplateFinder.php
*ERROR* 	v8.1.3	2024/01/10 - 16:55:18: No template found for ukoocompat/views/templates/front/listing.tpl at line 68 in file classes/Smarty/TemplateFinder.php
*ERROR* 	v8.1.3	2024/01/10 - 16:56:25: No template found for C:\xampp\htdocs\euromus/modules/ukoocompat/views/templates/front/listing.tpl at line 68 in file classes/Smarty/TemplateFinder.php
*ERROR* 	v8.1.3	2024/01/10 - 16:57:07: No template found for C:\xampp\htdocs\euromus\modules\ukoocompat\controllers\front/views/templates/front/listing.tpl at line 68 in file classes/Smarty/TemplateFinder.php
*ERROR* 	v8.1.3	2024/01/10 - 16:58:00: No template found for C:\xampp\htdocs\euromus\modules\ukoocompat\controllers\front../views/templates/front/listing.tpl at line 68 in file classes/Smarty/TemplateFinder.php
*ERROR* 	v8.1.3	2024/01/10 - 16:58:07: No template found for C:\xampp\htdocs\euromus\modules\ukoocompat\controllers\front../views/templates/front/listing.tpl at line 68 in file classes/Smarty/TemplateFinder.php
*ERROR* 	v8.1.3	2024/01/10 - 16:58:15: No template found for C:\xampp\htdocs\euromus\modules\ukoocompat\controllers\front../views/templates/front/listing.tpl at line 68 in file classes/Smarty/TemplateFinder.php
*ERROR* 	v8.1.3	2024/01/10 - 16:58:26: No template found for C:\xampp\htdocs\euromus\modules\ukoocompat\controllers\front/../views/templates/front/listing.tpl at line 68 in file classes/Smarty/TemplateFinder.php
*ERROR* 	v8.1.3	2024/01/10 - 16:58:30: No template found for C:\xampp\htdocs\euromus\modules\ukoocompat\controllers\front/../views/templates/front/listing.tpl at line 68 in file classes/Smarty/TemplateFinder.php
*ERROR* 	v8.1.3	2024/01/10 - 16:59:11: No template found for /ukoocompat/views/templates/front/listing.tpl at line 68 in file classes/Smarty/TemplateFinder.php
*ERROR* 	v8.1.3	2024/01/10 - 16:59:33: No template found for modules/ukoocompat/views/templates/front/listing.tpl at line 68 in file classes/Smarty/TemplateFinder.php
*ERROR* 	v8.1.3	2024/01/10 - 17:01:22: No template found for modules/ukoocompat/views/templates/front/listing.tpl at line 68 in file classes/Smarty/TemplateFinder.php
*ERROR* 	v8.1.3	2024/01/10 - 17:01:29: No template found for modules/ukoocompat/views/templates/front/listing.tpl at line 68 in file classes/Smarty/TemplateFinder.php
*ERROR* 	v8.1.3	2024/01/10 - 17:01:45: No template found for listing.tpl at line 68 in file classes/Smarty/TemplateFinder.php
*ERROR* 	v8.1.3	2024/01/10 - 17:01:47: No template found for listing.tpl at line 68 in file classes/Smarty/TemplateFinder.php
*ERROR* 	v8.1.3	2024/01/10 - 17:01:56: No template found for listing.tpl at line 68 in file classes/Smarty/TemplateFinder.php
*ERROR* 	v8.1.3	2024/01/10 - 17:07:30: No template found for listing.tpl at line 68 in file classes/Smarty/TemplateFinder.php
*ERROR* 	v8.1.3	2024/01/10 - 17:13:15: No template found for listing.tpl at line 68 in file classes/Smarty/TemplateFinder.php
*ERROR* 	v8.1.3	2024/01/10 - 17:15:33: No template found for listing.tpl at line 68 in file classes/Smarty/TemplateFinder.php
